-------------------------------------------------------------------------------
Test set: com.examly.springapp.SpringappApplicationTests
-------------------------------------------------------------------------------
Tests run: 8, Failures: 2, Errors: 2, Skipped: 0, Time elapsed: 8.776 s <<< FAILURE! - in com.examly.springapp.SpringappApplicationTests
test_case3  Time elapsed: 0.044 s  <<< FAILURE!
java.lang.AssertionError: Status expected:<200> but was:<404>
	at com.examly.springapp.SpringappApplicationTests.test_case3(SpringappApplicationTests.java:61)

test_case4  Time elapsed: 0.037 s  <<< ERROR!
org.springframework.web.util.NestedServletException: Request processing failed; nested exception is org.springframework.dao.EmptyResultDataAccessException: No class com.examly.springapp.Model.UserModel entity with id 01 exists!
	at com.examly.springapp.SpringappApplicationTests.test_case4(SpringappApplicationTests.java:69)
Caused by: org.springframework.dao.EmptyResultDataAccessException: No class com.examly.springapp.Model.UserModel entity with id 01 exists!
	at com.examly.springapp.SpringappApplicationTests.test_case4(SpringappApplicationTests.java:69)

test_case5  Time elapsed: 0.187 s  <<< FAILURE!
java.lang.AssertionError: Expected a non-empty value at JSON path "$" but found: []
	at com.examly.springapp.SpringappApplicationTests.test_case5(SpringappApplicationTests.java:83)

test_case8  Time elapsed: 0.013 s  <<< ERROR!
org.springframework.web.util.NestedServletException: Request processing failed; nested exception is org.springframework.dao.EmptyResultDataAccessException: No class com.examly.springapp.Model.AdminModel entity with id 01 exists!
	at com.examly.springapp.SpringappApplicationTests.test_case8(SpringappApplicationTests.java:111)
Caused by: org.springframework.dao.EmptyResultDataAccessException: No class com.examly.springapp.Model.AdminModel entity with id 01 exists!
	at com.examly.springapp.SpringappApplicationTests.test_case8(SpringappApplicationTests.java:111)

