-------------------------------------------------------------------------------
Test set: com.examly.springapp.SpringappApplicationTests
-------------------------------------------------------------------------------
Tests run: 8, Failures: 0, Errors: 8, Skipped: 0, Time elapsed: 14.845 s <<< FAILURE! - in com.examly.springapp.SpringappApplicationTests
test_case1  Time elapsed: 0.002 s  <<< ERROR!
java.lang.IllegalStateException: Failed to load ApplicationContext
Caused by: org.springframework.beans.factory.BeanCreationException: 
Error creating bean with name 'requestMappingHandlerMapping' defined in class path resource [org/springframework/boot/autoconfigure/web/servlet/WebMvcAutoConfiguration$EnableWebMvcConfiguration.class]: Invocation of init method failed; nested exception is java.lang.IllegalStateException: Ambiguous mapping. Cannot map 'userController' method 
com.examly.springapp.Controller.UserController#getUser()
to {GET [/list]}: There is already 'adminController' bean method
com.examly.springapp.Controller.AdminController#getAdmin() mapped.
Caused by: java.lang.IllegalStateException: 
Ambiguous mapping. Cannot map 'userController' method 
com.examly.springapp.Controller.UserController#getUser()
to {GET [/list]}: There is already 'adminController' bean method
com.examly.springapp.Controller.AdminController#getAdmin() mapped.

test_case2  Time elapsed: 0 s  <<< ERROR!
java.lang.IllegalStateException: Failed to load ApplicationContext
Caused by: org.springframework.beans.factory.BeanCreationException: 
Error creating bean with name 'requestMappingHandlerMapping' defined in class path resource [org/springframework/boot/autoconfigure/web/servlet/WebMvcAutoConfiguration$EnableWebMvcConfiguration.class]: Invocation of init method failed; nested exception is java.lang.IllegalStateException: Ambiguous mapping. Cannot map 'userController' method 
com.examly.springapp.Controller.UserController#getUser()
to {GET [/list]}: There is already 'adminController' bean method
com.examly.springapp.Controller.AdminController#getAdmin() mapped.
Caused by: java.lang.IllegalStateException: 
Ambiguous mapping. Cannot map 'userController' method 
com.examly.springapp.Controller.UserController#getUser()
to {GET [/list]}: There is already 'adminController' bean method
com.examly.springapp.Controller.AdminController#getAdmin() mapped.

test_case3  Time elapsed: 0 s  <<< ERROR!
java.lang.IllegalStateException: Failed to load ApplicationContext
Caused by: org.springframework.beans.factory.BeanCreationException: 
Error creating bean with name 'requestMappingHandlerMapping' defined in class path resource [org/springframework/boot/autoconfigure/web/servlet/WebMvcAutoConfiguration$EnableWebMvcConfiguration.class]: Invocation of init method failed; nested exception is java.lang.IllegalStateException: Ambiguous mapping. Cannot map 'userController' method 
com.examly.springapp.Controller.UserController#getUser()
to {GET [/list]}: There is already 'adminController' bean method
com.examly.springapp.Controller.AdminController#getAdmin() mapped.
Caused by: java.lang.IllegalStateException: 
Ambiguous mapping. Cannot map 'userController' method 
com.examly.springapp.Controller.UserController#getUser()
to {GET [/list]}: There is already 'adminController' bean method
com.examly.springapp.Controller.AdminController#getAdmin() mapped.

test_case4  Time elapsed: 0 s  <<< ERROR!
java.lang.IllegalStateException: Failed to load ApplicationContext
Caused by: org.springframework.beans.factory.BeanCreationException: 
Error creating bean with name 'requestMappingHandlerMapping' defined in class path resource [org/springframework/boot/autoconfigure/web/servlet/WebMvcAutoConfiguration$EnableWebMvcConfiguration.class]: Invocation of init method failed; nested exception is java.lang.IllegalStateException: Ambiguous mapping. Cannot map 'userController' method 
com.examly.springapp.Controller.UserController#getUser()
to {GET [/list]}: There is already 'adminController' bean method
com.examly.springapp.Controller.AdminController#getAdmin() mapped.
Caused by: java.lang.IllegalStateException: 
Ambiguous mapping. Cannot map 'userController' method 
com.examly.springapp.Controller.UserController#getUser()
to {GET [/list]}: There is already 'adminController' bean method
com.examly.springapp.Controller.AdminController#getAdmin() mapped.

test_case5  Time elapsed: 0 s  <<< ERROR!
java.lang.IllegalStateException: Failed to load ApplicationContext
Caused by: org.springframework.beans.factory.BeanCreationException: 
Error creating bean with name 'requestMappingHandlerMapping' defined in class path resource [org/springframework/boot/autoconfigure/web/servlet/WebMvcAutoConfiguration$EnableWebMvcConfiguration.class]: Invocation of init method failed; nested exception is java.lang.IllegalStateException: Ambiguous mapping. Cannot map 'userController' method 
com.examly.springapp.Controller.UserController#getUser()
to {GET [/list]}: There is already 'adminController' bean method
com.examly.springapp.Controller.AdminController#getAdmin() mapped.
Caused by: java.lang.IllegalStateException: 
Ambiguous mapping. Cannot map 'userController' method 
com.examly.springapp.Controller.UserController#getUser()
to {GET [/list]}: There is already 'adminController' bean method
com.examly.springapp.Controller.AdminController#getAdmin() mapped.

test_case6  Time elapsed: 0 s  <<< ERROR!
java.lang.IllegalStateException: Failed to load ApplicationContext
Caused by: org.springframework.beans.factory.BeanCreationException: 
Error creating bean with name 'requestMappingHandlerMapping' defined in class path resource [org/springframework/boot/autoconfigure/web/servlet/WebMvcAutoConfiguration$EnableWebMvcConfiguration.class]: Invocation of init method failed; nested exception is java.lang.IllegalStateException: Ambiguous mapping. Cannot map 'userController' method 
com.examly.springapp.Controller.UserController#getUser()
to {GET [/list]}: There is already 'adminController' bean method
com.examly.springapp.Controller.AdminController#getAdmin() mapped.
Caused by: java.lang.IllegalStateException: 
Ambiguous mapping. Cannot map 'userController' method 
com.examly.springapp.Controller.UserController#getUser()
to {GET [/list]}: There is already 'adminController' bean method
com.examly.springapp.Controller.AdminController#getAdmin() mapped.

test_case7  Time elapsed: 0 s  <<< ERROR!
java.lang.IllegalStateException: Failed to load ApplicationContext
Caused by: org.springframework.beans.factory.BeanCreationException: 
Error creating bean with name 'requestMappingHandlerMapping' defined in class path resource [org/springframework/boot/autoconfigure/web/servlet/WebMvcAutoConfiguration$EnableWebMvcConfiguration.class]: Invocation of init method failed; nested exception is java.lang.IllegalStateException: Ambiguous mapping. Cannot map 'userController' method 
com.examly.springapp.Controller.UserController#getUser()
to {GET [/list]}: There is already 'adminController' bean method
com.examly.springapp.Controller.AdminController#getAdmin() mapped.
Caused by: java.lang.IllegalStateException: 
Ambiguous mapping. Cannot map 'userController' method 
com.examly.springapp.Controller.UserController#getUser()
to {GET [/list]}: There is already 'adminController' bean method
com.examly.springapp.Controller.AdminController#getAdmin() mapped.

test_case8  Time elapsed: 0 s  <<< ERROR!
java.lang.IllegalStateException: Failed to load ApplicationContext
Caused by: org.springframework.beans.factory.BeanCreationException: 
Error creating bean with name 'requestMappingHandlerMapping' defined in class path resource [org/springframework/boot/autoconfigure/web/servlet/WebMvcAutoConfiguration$EnableWebMvcConfiguration.class]: Invocation of init method failed; nested exception is java.lang.IllegalStateException: Ambiguous mapping. Cannot map 'userController' method 
com.examly.springapp.Controller.UserController#getUser()
to {GET [/list]}: There is already 'adminController' bean method
com.examly.springapp.Controller.AdminController#getAdmin() mapped.
Caused by: java.lang.IllegalStateException: 
Ambiguous mapping. Cannot map 'userController' method 
com.examly.springapp.Controller.UserController#getUser()
to {GET [/list]}: There is already 'adminController' bean method
com.examly.springapp.Controller.AdminController#getAdmin() mapped.

