<?xml version="1.0" encoding="UTF-8"?>
<testsuite xmlns:xsi="http://www.w3.org/2001/XMLSchema-instance" xsi:noNamespaceSchemaLocation="https://maven.apache.org/surefire/maven-surefire-plugin/xsd/surefire-test-report.xsd" name="com.examly.springapp.SpringappApplicationTests" time="8.776" tests="8" errors="2" skipped="0" failures="2">
  <properties>
[...]
</properties>
  <testcase name="test_case1" classname="com.examly.springapp.SpringappApplicationTests" time="0.408"/>
  <testcase name="test_case2" classname="com.examly.springapp.SpringappApplicationTests" time="0.078"/>
  <testcase name="test_case3" classname="com.examly.springapp.SpringappApplicationTests" time="0.044">
    <failure message="Status expected:&lt;200&gt; but was:&lt;404&gt;" type="java.lang.AssertionError"><![CDATA[java.lang.AssertionError: Status expected:<200> but was:<404>
	at com.examly.springapp.SpringappApplicationTests.test_case3(SpringappApplicationTests.java:61)
]]></failure>
    <system-out><![CDATA[
MockHttpServletRequest:
      HTTP Method = GET
      Request URI = /user/dashboard
       Parameters = {}
          Headers = [Accept:"application/json"]
             Body = null
    Session Attrs = {}

Handler:
             Type = org.springframework.web.servlet.resource.ResourceHttpRequestHandler

Async:
    Async started = false
     Async result = null

Resolved Exception:
             Type = null

ModelAndView:
        View name = null
             View = null
            Model = null

FlashMap:
       Attributes = null

MockHttpServletResponse:
           Status = 404
    Error message = null
          Headers = [Vary:"Origin", "Access-Control-Request-Method", "Access-Control-Request-Headers"]
     Content type = null
             Body = 
    Forwarded URL = null
   Redirected URL = null
          Cookies = []

MockHttpServletRequest:
      HTTP Method = GET
      Request URI = /user/dashboard
       Parameters = {}
          Headers = [Accept:"application/json"]
             Body = null
    Session Attrs = {}

Handler:
             Type = org.springframework.web.servlet.resource.ResourceHttpRequestHandler

Async:
    Async started = false
     Async result = null

Resolved Exception:
             Type = null

ModelAndView:
        View name = null
             View = null
            Model = null

FlashMap:
       Attributes = null

MockHttpServletResponse:
           Status = 404
    Error message = null
          Headers = [Vary:"Origin", "Access-Control-Request-Method", "Access-Control-Request-Headers"]
     Content type = null
             Body = 
    Forwarded URL = null
   Redirected URL = null
          Cookies = []
]]></system-out>
  </testcase>
  <testcase name="test_case4" classname="com.examly.springapp.SpringappApplicationTests" time="0.037">
    <error message="Request processing failed; nested exception is org.springframework.dao.EmptyResultDataAccessException: No class com.examly.springapp.Model.UserModel entity with id 01 exists!" type="org.springframework.web.util.NestedServletException">org.springframework.web.util.NestedServletException: Request processing failed; nested exception is org.springframework.dao.EmptyResultDataAccessException: No class com.examly.springapp.Model.UserModel entity with id 01 exists!
	at com.examly.springapp.SpringappApplicationTests.test_case4(SpringappApplicationTests.java:69)
Caused by: org.springframework.dao.EmptyResultDataAccessException: No class com.examly.springapp.Model.UserModel entity with id 01 exists!
	at com.examly.springapp.SpringappApplicationTests.test_case4(SpringappApplicationTests.java:69)
</error>
    <system-out><![CDATA[Hibernate: select usermodel0_.email as email1_2_0_, usermodel0_.mobile_number as mobile_n2_2_0_, usermodel0_.password as password3_2_0_, usermodel0_.user_role as user_rol4_2_0_, usermodel0_.username as username5_2_0_ from user_model usermodel0_ where usermodel0_.email=?
]]></system-out>
  </testcase>
  <testcase name="test_case5" classname="com.examly.springapp.SpringappApplicationTests" time="0.187">
    <failure message="Expected a non-empty value at JSON path &quot;$&quot; but found: []" type="java.lang.AssertionError">java.lang.AssertionError: Expected a non-empty value at JSON path "$" but found: []
	at com.examly.springapp.SpringappApplicationTests.test_case5(SpringappApplicationTests.java:83)
</failure>
    <system-out><![CDATA[Hibernate: select adminmodel0_.person_id as person_i1_0_, adminmodel0_.jobobj_job_id as jobobj_j7_0_, adminmodel0_.person_address as person_a2_0_, adminmodel0_.person_email as person_e3_0_, adminmodel0_.person_exp as person_e4_0_, adminmodel0_.person_name as person_n5_0_, adminmodel0_.person_phone as person_p6_0_ from admin_model adminmodel0_

MockHttpServletRequest:
      HTTP Method = GET
      Request URI = /list
       Parameters = {}
          Headers = [Accept:"application/json"]
             Body = null
    Session Attrs = {}

Handler:
             Type = com.examly.springapp.Controller.AdminController
           Method = com.examly.springapp.Controller.AdminController#getAdmin()

Async:
    Async started = false
     Async result = null

Resolved Exception:
             Type = null

ModelAndView:
        View name = null
             View = null
            Model = null

FlashMap:
       Attributes = null

MockHttpServletResponse:
           Status = 200
    Error message = null
          Headers = [Vary:"Origin", "Access-Control-Request-Method", "Access-Control-Request-Headers", Content-Type:"application/json"]
     Content type = application/json
             Body = []
    Forwarded URL = null
   Redirected URL = null
          Cookies = []

MockHttpServletRequest:
      HTTP Method = GET
      Request URI = /list
       Parameters = {}
          Headers = [Accept:"application/json"]
             Body = null
    Session Attrs = {}

Handler:
             Type = com.examly.springapp.Controller.AdminController
           Method = com.examly.springapp.Controller.AdminController#getAdmin()

Async:
    Async started = false
     Async result = null

Resolved Exception:
             Type = null

ModelAndView:
        View name = null
             View = null
            Model = null

FlashMap:
       Attributes = null

MockHttpServletResponse:
           Status = 200
    Error message = null
          Headers = [Vary:"Origin", "Access-Control-Request-Method", "Access-Control-Request-Headers", Content-Type:"application/json"]
     Content type = application/json
             Body = []
    Forwarded URL = null
   Redirected URL = null
          Cookies = []
]]></system-out>
  </testcase>
  <testcase name="test_case6" classname="com.examly.springapp.SpringappApplicationTests" time="0.034"/>
  <testcase name="test_case7" classname="com.examly.springapp.SpringappApplicationTests" time="0.057"/>
  <testcase name="test_case8" classname="com.examly.springapp.SpringappApplicationTests" time="0.013">
    <error message="Request processing failed; nested exception is org.springframework.dao.EmptyResultDataAccessException: No class com.examly.springapp.Model.AdminModel entity with id 01 exists!" type="org.springframework.web.util.NestedServletException">org.springframework.web.util.NestedServletException: Request processing failed; nested exception is org.springframework.dao.EmptyResultDataAccessException: No class com.examly.springapp.Model.AdminModel entity with id 01 exists!
	at com.examly.springapp.SpringappApplicationTests.test_case8(SpringappApplicationTests.java:111)
Caused by: org.springframework.dao.EmptyResultDataAccessException: No class com.examly.springapp.Model.AdminModel entity with id 01 exists!
	at com.examly.springapp.SpringappApplicationTests.test_case8(SpringappApplicationTests.java:111)
</error>
    <system-out><![CDATA[Hibernate: select adminmodel0_.person_id as person_i1_0_0_, adminmodel0_.jobobj_job_id as jobobj_j7_0_0_, adminmodel0_.person_address as person_a2_0_0_, adminmodel0_.person_email as person_e3_0_0_, adminmodel0_.person_exp as person_e4_0_0_, adminmodel0_.person_name as person_n5_0_0_, adminmodel0_.person_phone as person_p6_0_0_, jobmodel1_.job_id as job_id1_1_1_, jobmodel1_.from_date as from_dat2_1_1_, jobmodel1_.job_description as job_desc3_1_1_, jobmodel1_.job_location as job_loca4_1_1_, jobmodel1_.to_date as to_date5_1_1_, jobmodel1_.wage_per_day as wage_per6_1_1_ from admin_model adminmodel0_ left outer join job_model jobmodel1_ on adminmodel0_.jobobj_job_id=jobmodel1_.job_id where adminmodel0_.person_id=?
]]></system-out>
  </testcase>
</testsuite>